{
  "level": "info",
  "msg": "Incoming Request: /api/v1/wallets/1/credit%!(EXTRA string={\"userId\":123,\"currencyCode\":\"eur\",\"amount\":\"100\"})",
  "time": "2021-07-05 23:23:03"
}
{
  "level": "info",
  "msg": "Incoming Request: /api/v1/wallets/444/balance",
  "time": "2021-07-05 23:23:18"
}
{
  "level": "error",
  "msg": "record not found",
  "time": "2021-07-05 23:23:18"
}
{
  "level": "info",
  "msg": "Incoming Request: /api/v1/wallets/1/balance",
  "time": "2021-07-06 22:46:16"
}
{
  "level": "info",
  "msg": "Incoming Request: /api/v1/wallets/1/balance",
  "time": "2021-07-06 22:46:26"
}
{
  "level": "error",
  "msg": "token contains an invalid number of segments",
  "time": "2021-07-06 22:46:26"
}
{
  "level": "info",
  "msg": "Incoming Request: /api/v1/wallets/1/balance",
  "time": "2021-07-06 22:46:36"
}
{
  "level": "error",
  "msg": "token contains an invalid number of segments",
  "time": "2021-07-06 22:49:41"
}
{
  "level": "error",
  "msg": "signature is invalid",
  "time": "2021-07-06 22:50:07"
}
{
  "level": "error",
  "msg": "signature is invalid",
  "time": "2021-07-06 22:50:11"
}
{
  "level": "error",
  "msg": "signature is invalid",
  "time": "2021-07-06 22:51:44"
}
{
  "level": "info",
  "msg": "Incoming Request: /api/v1/wallets/1/credit%!(EXTRA string={\"userId\":123,\"currencyCode\":\"eur\",\"amount\":\"100\"})",
  "time": "2021-07-06 22:52:28"
}
{
  "level": "info",
  "msg": "Incoming Request: /api/v1/wallets/1/credit%!(EXTRA string={\"userId\":123,\"currencyCode\":\"eur\",\"amount\":\"100\"})",
  "time": "2021-07-06 22:52:42"
}
{
  "level": "info",
  "msg": "Incoming Request: /api/v1/wallets/1/credit%!(EXTRA string={\"userId\":123,\"currencyCode\":\"eur\",\"amount\":\"100\"})",
  "time": "2021-07-06 22:59:09"
}
{
  "level": "info",
  "msg": "Incoming Request: /api/v1/wallets/1/credit%!(EXTRA string={\"userId\":123,\"currencyCode\":\"eur\",\"amount\":\"100\"})",
  "time": "2021-07-06 22:59:12"
}
{
  "level": "info",
  "msg": "Incoming Request: /api/v1/wallets/1/credit%!(EXTRA string={\"userId\":123,\"currencyCode\":\"eur\",\"amount\":\"100\"})",
  "time": "2021-07-06 23:02:02"
}
{
  "level": "info",
  "msg": "Incoming Request: /api/v1/wallets/1/credit%!(EXTRA string={\"userId\":123,\"currencyCode\":\"eur\",\"amount\":\"100\"})",
  "time": "2021-07-06 23:02:18"
}
{
  "level": "info",
  "msg": "Incoming Request: /api/v1/wallets/1/balance",
  "time": "2021-07-06 23:02:34"
}
{
  "level": "info",
  "msg": "Incoming Request: /api/v1/wallets/1/debit%!(EXTRA string={\"userId\":123,\"currencyCode\":\"eur\",\"amount\":\"100\"})",
  "time": "2021-07-06 23:12:42"
}
{
  "level": "info",
  "msg": "Incoming Request: /api/v1/wallets/1/debit%!(EXTRA string={\"userId\":123,\"currencyCode\":\"eur\",\"amount\":\"100\"})",
  "time": "2021-07-07 21:18:57"
}
{
  "level": "info",
  "msg": "Incoming Request: /api/v1/wallets/1/debit",
  "time": "2021-07-07 21:22:46"
}
{
  "level": "info",
  "msg": "Incoming Body: {\"userId\":123,\"currencyCode\":\"eur\",\"amount\":\"100\"} ",
  "time": "2021-07-07 21:22:46"
}
{
  "level": "info",
  "msg": "Incoming Request: /api/v1/wallets/1/balance",
  "time": "2021-07-07 21:58:05"
}
{
  "level": "error",
  "msg": "no wallet found with the given ID",
  "time": "2021-07-07 21:58:07"
}
{
  "level": "info",
  "msg": "Incoming Request: /api/v1/wallets/1/balance",
  "time": "2021-07-08 11:58:22"
}
{
  "level": "error",
  "msg": "strconv.ParseUint: parsing \"%!f(\u003cnil\u003e)\": invalid syntax",
  "time": "2021-07-08 11:58:27"
}
{
  "level": "info",
  "msg": "Incoming Request: /api/v1/wallets/1/balance",
  "time": "2021-07-08 11:59:06"
}
{
  "level": "error",
  "msg": "strconv.ParseUint: parsing \"%!f(\u003cnil\u003e)\": invalid syntax",
  "time": "2021-07-08 11:59:07"
}
{
  "level": "info",
  "msg": "Incoming Request: /api/v1/wallets/1/balance",
  "time": "2021-07-08 11:59:38"
}
{
  "level": "info",
  "msg": "Incoming Request: /api/v1/wallets/1/balance",
  "time": "2021-07-08 12:01:07"
}
{
  "level": "info",
  "msg": "Incoming Request: /api/v1/wallets/1/balance",
  "time": "2021-07-08 12:15:30"
}
{
  "level": "info",
  "msg": "Incoming Request: /api/v1/wallets/1/balance",
  "time": "2021-07-08 12:44:03"
}
{
  "level": "info",
  "msg": "Incoming Request: /api/v1/wallets/1/balance",
  "time": "2021-07-08 12:47:43"
}
{
  "level": "info",
  "msg": "Incoming Request: /api/v1/wallets/1/balance",
  "time": "2021-07-08 15:12:55"
}
{
  "level": "info",
  "msg": "Incoming Request: /api/v1/wallets/1/balance",
  "time": "2021-07-08 16:35:37"
}
{
  "level": "info",
  "msg": "Incoming Request: /api/v1/wallets/1/credit",
  "time": "2021-07-08 20:26:48"
}
{
  "level": "info",
  "msg": "Incoming Body: {\"userId\":1,\"currencyCode\":\"EUR\",\"amount\":\"12\"} ",
  "time": "2021-07-08 20:26:48"
}
{
  "level": "info",
  "msg": "Incoming Request: /api/v1/wallets/1/balance",
  "time": "2021-07-08 20:42:42"
}
{
  "level": "info",
  "msg": "Incoming Request: /api/v1/wallets/10000000/balance",
  "time": "2021-07-08 22:52:21"
}
{
  "level": "error",
  "msg": "no wallet found with the given ID",
  "time": "2021-07-08 22:52:23"
}
{
  "level": "info",
  "msg": "Incoming Request: /api/v1/wallets/-200/balance",
  "time": "2021-07-08 22:52:31"
}
{
  "level": "error",
  "msg": "no wallet found with the given ID",
  "time": "2021-07-08 22:52:31"
}
{
  "level": "info",
  "msg": "Incoming Request: /api/v1/wallets/-200/balance",
  "time": "2021-07-08 22:52:34"
}
{
  "level": "error",
  "msg": "no wallet found with the given ID",
  "time": "2021-07-08 22:52:34"
}
{
  "level": "info",
  "msg": "Incoming Request: /api/v1/wallets/9/balance",
  "time": "2021-07-08 22:52:51"
}
{
  "level": "info",
  "msg": "Incoming Request: /api/v1/wallets/15/balance",
  "time": "2021-07-08 22:52:59"
}
{
  "level": "info",
  "msg": "Incoming Request: /api/v1/wallets/9/debit",
  "time": "2021-07-08 22:53:15"
}
{
  "level": "info",
  "msg": "Incoming Body: {\"amount\":\"0\"} ",
  "time": "2021-07-08 22:53:15"
}
{
  "level": "info",
  "msg": "Incoming Request: /api/v1/wallets/9/debit",
  "time": "2021-07-08 22:53:30"
}
{
  "level": "info",
  "msg": "Incoming Body: {\"amount\":\"0.001\"} ",
  "time": "2021-07-08 22:53:30"
}
{
  "level": "error",
  "msg": "wallet amount cannot be negative",
  "time": "2021-07-08 22:53:30"
}
{
  "level": "info",
  "msg": "Incoming Request: /api/v1/wallets/9/debit",
  "time": "2021-07-08 22:53:42"
}
{
  "level": "info",
  "msg": "Incoming Body: {\"amount\":\"-1\"} ",
  "time": "2021-07-08 22:53:42"
}
{
  "level": "error",
  "msg": "wallet amount cannot be negative",
  "time": "2021-07-08 22:53:42"
}
{
  "level": "info",
  "msg": "Incoming Request: /api/v1/wallets/9/debit",
  "time": "2021-07-08 22:53:50"
}
{
  "level": "info",
  "msg": "Incoming Body: {\"amount\":\"2\"} ",
  "time": "2021-07-08 22:53:50"
}
{
  "level": "error",
  "msg": "wallet amount cannot be negative",
  "time": "2021-07-08 22:53:50"
}
{
  "level": "info",
  "msg": "Incoming Request: /api/v1/wallets/11/debit",
  "time": "2021-07-08 22:54:02"
}
{
  "level": "info",
  "msg": "Incoming Body: {\"amount\":\"2\"} ",
  "time": "2021-07-08 22:54:02"
}
{
  "level": "info",
  "msg": "Incoming Request: /api/v1/wallets/13/debit",
  "time": "2021-07-08 22:59:07"
}
{
  "level": "info",
  "msg": "Incoming Body: {\"amount\":\"2\"} ",
  "time": "2021-07-08 22:59:07"
}
{
  "level": "info",
  "msg": "Incoming Request: /api/v1/wallets/13/debit",
  "time": "2021-07-08 23:01:32"
}
{
  "level": "info",
  "msg": "Incoming Body: {\"amount\":\"2\"} ",
  "time": "2021-07-08 23:01:32"
}
{
  "level": "info",
  "msg": "Incoming Request: /api/v1/wallets/11/debit",
  "time": "2021-07-08 23:07:32"
}
{
  "level": "info",
  "msg": "Incoming Body: {\"amount\":\"2\"} ",
  "time": "2021-07-08 23:07:32"
}
